2022-10-21 12:15:59 info: Server listening on port 5000
2022-10-21 12:16:22 info: Server listening on port 5000
2022-10-21 12:16:46 info: Server listening on port 5000
2022-10-21 12:17:02 info: info test
2022-10-21 12:17:02 info: [0mGET /test/info [32m200[0m 14.799 ms - 24[0m

2022-10-21 12:17:31 info: info test
2022-10-21 12:17:31 info: [0mGET /test/info [36m304[0m 3.911 ms - -[0m

2022-10-21 13:54:47 info: Server listening on port 5000
2022-10-21 13:56:31 info: Server listening on port 5000
2022-10-21 13:56:42 info: Server listening on port 5000
2022-10-21 14:07:02 info: Server listening on port 5000
2022-10-21 14:17:21 info: Server listening on port 5000
2022-10-21 14:18:12 info: Server listening on port 5000
2022-10-21 14:18:23 info: Server listening on port 5000
2022-10-21 14:20:25 info: Server listening on port 5000
2022-10-21 14:23:48 info: Server listening on port 5000
2022-10-21 14:29:22 info: Server listening on port 5000
2022-10-21 14:37:42 info: info test
2022-10-21 14:37:42 info: [0mGET /api/test/info [32m200[0m 11.633 ms - 24[0m

2022-10-21 14:40:02 info: Server listening on port 5000
2022-10-21 14:40:14 info: info test
2022-10-21 14:40:14 info: [0mGET /api/test/info [32m200[0m 10.038 ms - 24[0m

